<?xml version="1.0" encoding="UTF-8"?>
<!-- Generated by org.testng.reporters.JUnitReportReporter -->
<testsuite skipped="0" hostname="DESKTOP-OVRFUFO" name="com.jdbogar.seleniumPractice.tests.TestBuyTShirt" tests="1" failures="0" timestamp="2021-04-17T12:43:40 SGT" time="31.102" errors="0">
  <testcase name="testBuyTShirt" time="31.102" classname="com.jdbogar.seleniumPractice.tests.TestBuyTShirt"/>
  <system-out/>
</testsuite> <!-- com.jdbogar.seleniumPractice.tests.TestBuyTShirt -->
